<?xml version="1.0" encoding="UTF-8"?>
<!-- Generated by org.testng.reporters.JUnitReportReporter -->
<testsuite hostname="Ahammed" name="runner.TestRunner" tests="1" failures="0" timestamp="25 Aug 2018 17:38:42 GMT" time="29.919" errors="0">
  <testcase name="feature" time="29.919" classname="runner.TestRunner"/>
</testsuite> <!-- runner.TestRunner -->
